0 info it worked if it ends with ok
1 verbose cli [ '/usr/local/bin/node',
1 verbose cli   '/usr/local/bin/npm',
1 verbose cli   'install',
1 verbose cli   'https://github.com/angular-ui/bootstrap.git' ]
2 info using npm@1.3.2
3 info using node@v0.10.13
4 verbose readDependencies using package.json deps
5 verbose cache add [ 'https://github.com/angular-ui/bootstrap.git', null ]
6 verbose cache add name=undefined spec="https://github.com/angular-ui/bootstrap.git" args=["https://github.com/angular-ui/bootstrap.git",null]
7 verbose parsed url { protocol: 'https:',
7 verbose parsed url   slashes: true,
7 verbose parsed url   auth: null,
7 verbose parsed url   host: 'github.com',
7 verbose parsed url   port: null,
7 verbose parsed url   hostname: 'github.com',
7 verbose parsed url   hash: null,
7 verbose parsed url   search: null,
7 verbose parsed url   query: null,
7 verbose parsed url   pathname: '/angular-ui/bootstrap.git',
7 verbose parsed url   path: '/angular-ui/bootstrap.git',
7 verbose parsed url   href: 'https://github.com/angular-ui/bootstrap.git' }
8 silly lockFile 2726f65f-hub-com-angular-ui-bootstrap-git https://github.com/angular-ui/bootstrap.git
9 verbose lock https://github.com/angular-ui/bootstrap.git /home/pcavanaugh/.npm/2726f65f-hub-com-angular-ui-bootstrap-git.lock
10 verbose addRemoteTarball [ 'https://github.com/angular-ui/bootstrap.git', null ]
11 info retry fetch attempt 1 at 21:20:00
12 verbose fetch to= /home/pcavanaugh/tmp/npm-5458/1398734400886-0.6025330249685794/tmp.tgz
13 http GET https://github.com/angular-ui/bootstrap.git
14 http 200 https://github.com/angular-ui/bootstrap.git
15 verbose tar unpack /home/pcavanaugh/tmp/npm-5458/1398734400886-0.6025330249685794/tmp.tgz
16 silly lockFile 9ace6da6-00886-0-6025330249685794-package tar:///home/pcavanaugh/tmp/npm-5458/1398734400886-0.6025330249685794/package
17 verbose lock tar:///home/pcavanaugh/tmp/npm-5458/1398734400886-0.6025330249685794/package /home/pcavanaugh/.npm/9ace6da6-00886-0-6025330249685794-package.lock
18 silly lockFile 80421122-00886-0-6025330249685794-tmp-tgz tar:///home/pcavanaugh/tmp/npm-5458/1398734400886-0.6025330249685794/tmp.tgz
19 verbose lock tar:///home/pcavanaugh/tmp/npm-5458/1398734400886-0.6025330249685794/tmp.tgz /home/pcavanaugh/.npm/80421122-00886-0-6025330249685794-tmp-tgz.lock
20 silly gunzTarPerm modes [ '755', '644' ]
21 error not a package /home/pcavanaugh/tmp/npm-5458/1398734400886-0.6025330249685794/tmp.tgz
22 silly lockFile 9ace6da6-00886-0-6025330249685794-package tar:///home/pcavanaugh/tmp/npm-5458/1398734400886-0.6025330249685794/package
23 silly lockFile 9ace6da6-00886-0-6025330249685794-package tar:///home/pcavanaugh/tmp/npm-5458/1398734400886-0.6025330249685794/package
24 silly lockFile 80421122-00886-0-6025330249685794-tmp-tgz tar:///home/pcavanaugh/tmp/npm-5458/1398734400886-0.6025330249685794/tmp.tgz
25 silly lockFile 80421122-00886-0-6025330249685794-tmp-tgz tar:///home/pcavanaugh/tmp/npm-5458/1398734400886-0.6025330249685794/tmp.tgz
26 silly lockFile 2726f65f-hub-com-angular-ui-bootstrap-git https://github.com/angular-ui/bootstrap.git
27 silly lockFile 2726f65f-hub-com-angular-ui-bootstrap-git https://github.com/angular-ui/bootstrap.git
28 error Error: ENOENT, open '/home/pcavanaugh/tmp/npm-5458/1398734400886-0.6025330249685794/package/package.json'
29 error If you need help, you may report this log at:
29 error     <http://github.com/isaacs/npm/issues>
29 error or email it to:
29 error     <npm-@googlegroups.com>
30 error System Linux 3.5.0-23-generic
31 error command "/usr/local/bin/node" "/usr/local/bin/npm" "install" "https://github.com/angular-ui/bootstrap.git"
32 error cwd /home/pcavanaugh/projects/logruns
33 error node -v v0.10.13
34 error npm -v 1.3.2
35 error path /home/pcavanaugh/tmp/npm-5458/1398734400886-0.6025330249685794/package/package.json
36 error code ENOENT
37 error errno 34
38 verbose exit [ 34, true ]
